<?xml version="1.0" encoding="UTF-8"?>
<testsuite name="TestCalculator" tests="1" skipped="0" failures="0" errors="0" timestamp="2022-08-17T08:49:37" hostname="namit-Latitude-5521" time="0.012">
  <properties/>
  <testcase name="testAdd()" classname="TestCalculator" time="0.012"/>
  <system-out><![CDATA[]]></system-out>
  <system-err><![CDATA[]]></system-err>
</testsuite>
